Started at Mon Feb 28 11:27:22 UTC 2022
Processing c-project
Offering c-project to Project Build Discarder
Processing java project
Offering java project to Project Build Discarder
Finished at Mon Feb 28 11:27:22 UTC 2022. 4ms
Started at Mon Feb 28 12:27:22 UTC 2022
Processing c-project
Offering c-project to Project Build Discarder
Processing java project
Offering java project to Project Build Discarder
Finished at Mon Feb 28 12:27:22 UTC 2022. 6ms
Started at Mon Feb 28 13:27:22 UTC 2022
Processing c-project
Offering c-project to Project Build Discarder
Processing java project
Offering java project to Project Build Discarder
Finished at Mon Feb 28 13:27:22 UTC 2022. 0ms
Started at Mon Feb 28 14:27:22 UTC 2022
Processing c-project
Offering c-project to Project Build Discarder
Processing java project
Offering java project to Project Build Discarder
Finished at Mon Feb 28 14:27:22 UTC 2022. 0ms
